[0.066s] DEBUG:colcon:Command line arguments: ['/usr/bin/colcon', 'build', '--symlink-install']
[0.066s] DEBUG:colcon:Parsed command line arguments: Namespace(log_base=None, log_level=None, verb_name='build', build_base='build', install_base='install', merge_install=False, symlink_install=True, test_result_base=None, continue_on_error=False, executor='parallel', parallel_workers=12, event_handlers=None, ignore_user_meta=False, metas=['./colcon.meta'], base_paths=['.'], packages_ignore=None, packages_ignore_regex=None, paths=None, packages_up_to=None, packages_up_to_regex=None, packages_above=None, packages_above_and_dependencies=None, packages_above_depth=None, packages_select_by_dep=None, packages_skip_by_dep=None, packages_skip_up_to=None, packages_select_build_failed=False, packages_skip_build_finished=False, packages_select_test_failures=False, packages_skip_test_passed=False, packages_select=None, packages_skip=None, packages_select_regex=None, packages_skip_regex=None, packages_start=None, packages_end=None, cmake_args=None, cmake_target=None, cmake_target_skip_unavailable=False, cmake_clean_cache=False, cmake_clean_first=False, cmake_force_configure=False, ament_cmake_args=None, catkin_cmake_args=None, catkin_skip_building_tests=False, mixin_files=None, mixin=None, verb_parser=<colcon_mixin.mixin.mixin_argument.MixinArgumentDecorator object at 0xffffa35a63b0>, verb_extension=<colcon_core.verb.build.BuildVerb object at 0xffffa372fb20>, main=<bound method BuildVerb.main of <colcon_core.verb.build.BuildVerb object at 0xffffa372fb20>>, mixin_verb=('build',))
[0.125s] Level 1:colcon.colcon_core.package_discovery:discover_packages(colcon_meta) check parameters
[0.125s] INFO:colcon.colcon_metadata.package_discovery.colcon_meta:Using configuration from '/root/.colcon/metadata/default/Gazebo.meta'
[0.125s] INFO:colcon.colcon_metadata.package_discovery.colcon_meta:Using configuration from '/root/.colcon/metadata/default/fastdds.meta'
[0.126s] INFO:colcon.colcon_metadata.package_discovery.colcon_meta:Using configuration from '/root/.colcon/metadata/default/fastrtps.meta'
[0.126s] Level 1:colcon.colcon_core.package_discovery:discover_packages(recursive) check parameters
[0.126s] Level 1:colcon.colcon_core.package_discovery:discover_packages(ignore) check parameters
[0.126s] Level 1:colcon.colcon_core.package_discovery:discover_packages(path) check parameters
[0.126s] Level 1:colcon.colcon_core.package_discovery:discover_packages(colcon_meta) discover
[0.126s] Level 1:colcon.colcon_core.package_discovery:discover_packages(recursive) discover
[0.126s] INFO:colcon.colcon_core.package_discovery:Crawling recursively for packages in '/root/ros2_ws'
[0.126s] Level 1:colcon.colcon_core.package_identification:_identify(.) by extensions ['ignore', 'ignore_ament_install']
[0.126s] Level 1:colcon.colcon_core.package_identification:_identify(.) by extension 'ignore'
[0.126s] Level 1:colcon.colcon_core.package_identification:_identify(.) by extension 'ignore_ament_install'
[0.126s] Level 1:colcon.colcon_core.package_identification:_identify(.) by extensions ['colcon_pkg']
[0.126s] Level 1:colcon.colcon_core.package_identification:_identify(.) by extension 'colcon_pkg'
[0.126s] Level 1:colcon.colcon_core.package_identification:_identify(.) by extensions ['colcon_meta']
[0.126s] Level 1:colcon.colcon_core.package_identification:_identify(.) by extension 'colcon_meta'
[0.126s] Level 1:colcon.colcon_core.package_identification:_identify(.) by extensions ['ros']
[0.126s] Level 1:colcon.colcon_core.package_identification:_identify(.) by extension 'ros'
[0.133s] Level 1:colcon.colcon_core.package_identification:_identify(.) by extensions ['cmake', 'python']
[0.133s] Level 1:colcon.colcon_core.package_identification:_identify(.) by extension 'cmake'
[0.133s] Level 1:colcon.colcon_core.package_identification:_identify(.) by extension 'python'
[0.133s] Level 1:colcon.colcon_core.package_identification:_identify(.) by extensions ['python_setup_py']
[0.133s] Level 1:colcon.colcon_core.package_identification:_identify(.) by extension 'python_setup_py'
[0.133s] Level 1:colcon.colcon_core.package_identification:_identify(build) by extensions ['ignore', 'ignore_ament_install']
[0.133s] Level 1:colcon.colcon_core.package_identification:_identify(build) by extension 'ignore'
[0.133s] Level 1:colcon.colcon_core.package_identification:_identify(build) ignored
[0.133s] Level 1:colcon.colcon_core.package_identification:_identify(install) by extensions ['ignore', 'ignore_ament_install']
[0.133s] Level 1:colcon.colcon_core.package_identification:_identify(install) by extension 'ignore'
[0.133s] Level 1:colcon.colcon_core.package_identification:_identify(install) ignored
[0.133s] Level 1:colcon.colcon_core.package_identification:_identify(log) by extensions ['ignore', 'ignore_ament_install']
[0.133s] Level 1:colcon.colcon_core.package_identification:_identify(log) by extension 'ignore'
[0.133s] Level 1:colcon.colcon_core.package_identification:_identify(log) ignored
[0.133s] Level 1:colcon.colcon_core.package_identification:_identify(src) by extensions ['ignore', 'ignore_ament_install']
[0.133s] Level 1:colcon.colcon_core.package_identification:_identify(src) by extension 'ignore'
[0.133s] Level 1:colcon.colcon_core.package_identification:_identify(src) by extension 'ignore_ament_install'
[0.133s] Level 1:colcon.colcon_core.package_identification:_identify(src) by extensions ['colcon_pkg']
[0.133s] Level 1:colcon.colcon_core.package_identification:_identify(src) by extension 'colcon_pkg'
[0.133s] Level 1:colcon.colcon_core.package_identification:_identify(src) by extensions ['colcon_meta']
[0.133s] Level 1:colcon.colcon_core.package_identification:_identify(src) by extension 'colcon_meta'
[0.133s] Level 1:colcon.colcon_core.package_identification:_identify(src) by extensions ['ros']
[0.134s] Level 1:colcon.colcon_core.package_identification:_identify(src) by extension 'ros'
[0.134s] Level 1:colcon.colcon_core.package_identification:_identify(src) by extensions ['cmake', 'python']
[0.134s] Level 1:colcon.colcon_core.package_identification:_identify(src) by extension 'cmake'
[0.134s] Level 1:colcon.colcon_core.package_identification:_identify(src) by extension 'python'
[0.134s] Level 1:colcon.colcon_core.package_identification:_identify(src) by extensions ['python_setup_py']
[0.134s] Level 1:colcon.colcon_core.package_identification:_identify(src) by extension 'python_setup_py'
[0.134s] Level 1:colcon.colcon_core.package_identification:_identify(src/robot_action_demo) by extensions ['ignore', 'ignore_ament_install']
[0.134s] Level 1:colcon.colcon_core.package_identification:_identify(src/robot_action_demo) by extension 'ignore'
[0.134s] Level 1:colcon.colcon_core.package_identification:_identify(src/robot_action_demo) by extension 'ignore_ament_install'
[0.134s] Level 1:colcon.colcon_core.package_identification:_identify(src/robot_action_demo) by extensions ['colcon_pkg']
[0.134s] Level 1:colcon.colcon_core.package_identification:_identify(src/robot_action_demo) by extension 'colcon_pkg'
[0.134s] Level 1:colcon.colcon_core.package_identification:_identify(src/robot_action_demo) by extensions ['colcon_meta']
[0.134s] Level 1:colcon.colcon_core.package_identification:_identify(src/robot_action_demo) by extension 'colcon_meta'
[0.134s] Level 1:colcon.colcon_core.package_identification:_identify(src/robot_action_demo) by extensions ['ros']
[0.134s] Level 1:colcon.colcon_core.package_identification:_identify(src/robot_action_demo) by extension 'ros'
[0.135s] DEBUG:colcon.colcon_core.package_identification:Package 'src/robot_action_demo' with type 'ros.catkin' and name 'robot_action_demo'
[0.135s] Level 1:colcon.colcon_core.package_discovery:discover_packages(recursive) using defaults
[0.135s] Level 1:colcon.colcon_core.package_discovery:discover_packages(ignore) discover
[0.135s] Level 1:colcon.colcon_core.package_discovery:discover_packages(ignore) using defaults
[0.135s] Level 1:colcon.colcon_core.package_discovery:discover_packages(path) discover
[0.135s] Level 1:colcon.colcon_core.package_discovery:discover_packages(path) using defaults
[0.148s] Level 5:colcon.colcon_core.verb:set package 'robot_action_demo' build argument 'cmake_args' from command line to 'None'
[0.148s] Level 5:colcon.colcon_core.verb:set package 'robot_action_demo' build argument 'cmake_target' from command line to 'None'
[0.148s] Level 5:colcon.colcon_core.verb:set package 'robot_action_demo' build argument 'cmake_target_skip_unavailable' from command line to 'False'
[0.148s] Level 5:colcon.colcon_core.verb:set package 'robot_action_demo' build argument 'cmake_clean_cache' from command line to 'False'
[0.148s] Level 5:colcon.colcon_core.verb:set package 'robot_action_demo' build argument 'cmake_clean_first' from command line to 'False'
[0.148s] Level 5:colcon.colcon_core.verb:set package 'robot_action_demo' build argument 'cmake_force_configure' from command line to 'False'
[0.148s] Level 5:colcon.colcon_core.verb:set package 'robot_action_demo' build argument 'ament_cmake_args' from command line to 'None'
[0.148s] Level 5:colcon.colcon_core.verb:set package 'robot_action_demo' build argument 'catkin_cmake_args' from command line to 'None'
[0.148s] Level 5:colcon.colcon_core.verb:set package 'robot_action_demo' build argument 'catkin_skip_building_tests' from command line to 'False'
[0.148s] DEBUG:colcon.colcon_core.verb:Building package 'robot_action_demo' with the following arguments: {'ament_cmake_args': None, 'build_base': '/root/ros2_ws/build/robot_action_demo', 'catkin_cmake_args': None, 'catkin_skip_building_tests': False, 'cmake_args': None, 'cmake_clean_cache': False, 'cmake_clean_first': False, 'cmake_force_configure': False, 'cmake_target': None, 'cmake_target_skip_unavailable': False, 'install_base': '/root/ros2_ws/install/robot_action_demo', 'merge_install': False, 'path': '/root/ros2_ws/src/robot_action_demo', 'symlink_install': True, 'test_result_base': None}
[0.148s] INFO:colcon.colcon_core.executor:Executing jobs using 'parallel' executor
[0.149s] DEBUG:colcon.colcon_parallel_executor.executor.parallel:run_until_complete
[0.149s] INFO:colcon.colcon_ros.task.catkin.build:Building ROS package in '/root/ros2_ws/src/robot_action_demo' with build type 'catkin'
[0.149s] INFO:colcon.colcon_cmake.task.cmake.build:Building CMake package in '/root/ros2_ws/src/robot_action_demo'
[0.150s] INFO:colcon.colcon_core.plugin_system:Skipping extension 'colcon_core.shell.bat': Not used on non-Windows systems
[0.150s] INFO:colcon.colcon_core.shell:Skip shell extension 'powershell' for command environment: Not usable outside of PowerShell
[0.150s] DEBUG:colcon.colcon_core.shell:Skip shell extension 'dsv' for command environment
[0.151s] WARNING:colcon.colcon_ros.prefix_path.ament:The path '/root/ros2_ws/install/robot_action_demo' in the environment variable AMENT_PREFIX_PATH doesn't exist
[0.151s] WARNING:colcon.colcon_ros.prefix_path.catkin:The path '/root/ros2_ws/install/robot_action_demo' in the environment variable CMAKE_PREFIX_PATH doesn't exist
[0.156s] DEBUG:colcon.colcon_core.event_handler.log_command:Invoking command in '/root/ros2_ws/build/robot_action_demo': /usr/bin/cmake /root/ros2_ws/src/robot_action_demo -DCATKIN_INSTALL_INTO_PREFIX_ROOT=0 -DCATKIN_SYMLINK_INSTALL=ON -DCMAKE_INSTALL_PREFIX=/root/ros2_ws/install/robot_action_demo
[1.026s] DEBUG:colcon.colcon_core.event_handler.log_command:Invoked command in '/root/ros2_ws/build/robot_action_demo' returned '0': /usr/bin/cmake /root/ros2_ws/src/robot_action_demo -DCATKIN_INSTALL_INTO_PREFIX_ROOT=0 -DCATKIN_SYMLINK_INSTALL=ON -DCMAKE_INSTALL_PREFIX=/root/ros2_ws/install/robot_action_demo
[1.027s] DEBUG:colcon.colcon_core.event_handler.log_command:Invoking command in '/root/ros2_ws/build/robot_action_demo': /usr/bin/cmake --build /root/ros2_ws/build/robot_action_demo -- -j12 -l12
[2.518s] DEBUG:colcon.colcon_core.event_handler.log_command:Invoked command in '/root/ros2_ws/build/robot_action_demo' returned '0': /usr/bin/cmake --build /root/ros2_ws/build/robot_action_demo -- -j12 -l12
[2.524s] DEBUG:colcon.colcon_core.event_handler.log_command:Invoking command in '/root/ros2_ws/build/robot_action_demo': /usr/bin/cmake --install /root/ros2_ws/build/robot_action_demo
[2.567s] DEBUG:colcon.colcon_core.event_handler.log_command:Invoked command in '/root/ros2_ws/build/robot_action_demo' returned '0': /usr/bin/cmake --install /root/ros2_ws/build/robot_action_demo
[2.567s] Level 1:colcon.colcon_core.shell:create_environment_hook('robot_action_demo', 'ros_package_path')
[2.567s] INFO:colcon.colcon_core.shell:Creating environment hook '/root/ros2_ws/install/robot_action_demo/share/robot_action_demo/hook/ros_package_path.ps1'
[2.568s] INFO:colcon.colcon_core.shell:Creating environment descriptor '/root/ros2_ws/install/robot_action_demo/share/robot_action_demo/hook/ros_package_path.dsv'
[2.568s] INFO:colcon.colcon_core.shell:Creating environment hook '/root/ros2_ws/install/robot_action_demo/share/robot_action_demo/hook/ros_package_path.sh'
[2.568s] Level 1:colcon.colcon_ros.task.catkin:checking '/root/ros2_ws/install/robot_action_demo/local/lib/python3.10/dist-packages'
[2.568s] Level 1:colcon.colcon_core.shell:create_environment_hook('robot_action_demo', 'catkin_pythonpath')
[2.568s] INFO:colcon.colcon_core.shell:Creating environment hook '/root/ros2_ws/install/robot_action_demo/share/robot_action_demo/hook/catkin_pythonpath.ps1'
[2.569s] INFO:colcon.colcon_core.shell:Creating environment descriptor '/root/ros2_ws/install/robot_action_demo/share/robot_action_demo/hook/catkin_pythonpath.dsv'
[2.569s] INFO:colcon.colcon_core.shell:Creating environment hook '/root/ros2_ws/install/robot_action_demo/share/robot_action_demo/hook/catkin_pythonpath.sh'
[2.569s] Level 1:colcon.colcon_core.shell:create_environment_hook('robot_action_demo', 'pkg_config_path')
[2.569s] INFO:colcon.colcon_core.shell:Creating environment hook '/root/ros2_ws/install/robot_action_demo/share/robot_action_demo/hook/pkg_config_path.ps1'
[2.569s] INFO:colcon.colcon_core.shell:Creating environment descriptor '/root/ros2_ws/install/robot_action_demo/share/robot_action_demo/hook/pkg_config_path.dsv'
[2.569s] INFO:colcon.colcon_core.shell:Creating environment hook '/root/ros2_ws/install/robot_action_demo/share/robot_action_demo/hook/pkg_config_path.sh'
[2.570s] Level 1:colcon.colcon_core.shell:create_environment_hook('robot_action_demo', 'pkg_config_path_multiarch')
[2.570s] INFO:colcon.colcon_core.shell:Creating environment hook '/root/ros2_ws/install/robot_action_demo/share/robot_action_demo/hook/pkg_config_path_multiarch.ps1'
[2.570s] INFO:colcon.colcon_core.shell:Creating environment descriptor '/root/ros2_ws/install/robot_action_demo/share/robot_action_demo/hook/pkg_config_path_multiarch.dsv'
[2.570s] INFO:colcon.colcon_core.shell:Creating environment hook '/root/ros2_ws/install/robot_action_demo/share/robot_action_demo/hook/pkg_config_path_multiarch.sh'
[2.571s] Level 1:colcon.colcon_core.environment:create_environment_scripts_only(robot_action_demo)
[2.572s] Level 1:colcon.colcon_core.environment:checking '/root/ros2_ws/install/robot_action_demo' for CMake module files
[2.572s] Level 1:colcon.colcon_core.environment:checking '/root/ros2_ws/install/robot_action_demo' for CMake config files
[2.573s] Level 1:colcon.colcon_core.shell:create_environment_hook('robot_action_demo', 'cmake_prefix_path')
[2.573s] INFO:colcon.colcon_core.shell:Creating environment hook '/root/ros2_ws/install/robot_action_demo/share/robot_action_demo/hook/cmake_prefix_path.ps1'
[2.573s] INFO:colcon.colcon_core.shell:Creating environment descriptor '/root/ros2_ws/install/robot_action_demo/share/robot_action_demo/hook/cmake_prefix_path.dsv'
[2.573s] INFO:colcon.colcon_core.shell:Creating environment hook '/root/ros2_ws/install/robot_action_demo/share/robot_action_demo/hook/cmake_prefix_path.sh'
[2.573s] Level 1:colcon.colcon_core.environment:checking '/root/ros2_ws/install/robot_action_demo/lib'
[2.573s] Level 1:colcon.colcon_core.shell:create_environment_hook('robot_action_demo', 'ld_library_path_lib')
[2.573s] INFO:colcon.colcon_core.shell:Creating environment hook '/root/ros2_ws/install/robot_action_demo/share/robot_action_demo/hook/ld_library_path_lib.ps1'
[2.573s] INFO:colcon.colcon_core.shell:Creating environment descriptor '/root/ros2_ws/install/robot_action_demo/share/robot_action_demo/hook/ld_library_path_lib.dsv'
[2.574s] INFO:colcon.colcon_core.shell:Creating environment hook '/root/ros2_ws/install/robot_action_demo/share/robot_action_demo/hook/ld_library_path_lib.sh'
[2.574s] Level 1:colcon.colcon_core.environment:checking '/root/ros2_ws/install/robot_action_demo/bin'
[2.574s] Level 1:colcon.colcon_core.environment:checking '/root/ros2_ws/install/robot_action_demo/lib/pkgconfig/robot_action_demo.pc'
[2.575s] Level 1:colcon.colcon_core.environment:checking '/root/ros2_ws/install/robot_action_demo/lib/python3.10/site-packages'
[2.575s] Level 1:colcon.colcon_core.environment:checking '/root/ros2_ws/install/robot_action_demo/bin'
[2.575s] INFO:colcon.colcon_core.shell:Creating package script '/root/ros2_ws/install/robot_action_demo/share/robot_action_demo/package.ps1'
[2.576s] INFO:colcon.colcon_core.shell:Creating package descriptor '/root/ros2_ws/install/robot_action_demo/share/robot_action_demo/package.dsv'
[2.576s] INFO:colcon.colcon_core.shell:Creating package script '/root/ros2_ws/install/robot_action_demo/share/robot_action_demo/package.sh'
[2.577s] INFO:colcon.colcon_core.shell:Creating package script '/root/ros2_ws/install/robot_action_demo/share/robot_action_demo/package.bash'
[2.577s] INFO:colcon.colcon_core.shell:Creating package script '/root/ros2_ws/install/robot_action_demo/share/robot_action_demo/package.zsh'
[2.577s] Level 1:colcon.colcon_core.environment:create_file_with_runtime_dependencies(/root/ros2_ws/install/robot_action_demo/share/colcon-core/packages/robot_action_demo)
[2.578s] DEBUG:colcon.colcon_parallel_executor.executor.parallel:closing loop
[2.578s] DEBUG:colcon.colcon_parallel_executor.executor.parallel:loop closed
[2.578s] DEBUG:colcon.colcon_parallel_executor.executor.parallel:run_until_complete finished with '0'
[2.578s] DEBUG:colcon.colcon_core.event_reactor:joining thread
[2.581s] INFO:colcon.colcon_core.plugin_system:Skipping extension 'colcon_notification.desktop_notification.notify_send': Could not find 'notify-send'
[2.581s] INFO:colcon.colcon_core.plugin_system:Skipping extension 'colcon_notification.desktop_notification.terminal_notifier': Not used on non-Darwin systems
[2.581s] INFO:colcon.colcon_core.plugin_system:Skipping extension 'colcon_notification.desktop_notification.win32': Not used on non-Windows systems
[2.581s] INFO:colcon.colcon_notification.desktop_notification:Sending desktop notification using 'notify2'
[2.581s] DEBUG:colcon.colcon_notification.desktop_notification.notify2:Failed to initialize notify2: org.freedesktop.DBus.Error.NotSupported: Unable to autolaunch a dbus-daemon without a $DISPLAY for X11
[2.581s] DEBUG:colcon.colcon_core.event_reactor:joined thread
[2.581s] INFO:colcon.colcon_core.shell:Creating prefix script '/root/ros2_ws/install/local_setup.ps1'
[2.582s] INFO:colcon.colcon_core.shell:Creating prefix util module '/root/ros2_ws/install/_local_setup_util_ps1.py'
[2.582s] INFO:colcon.colcon_core.shell:Creating prefix chain script '/root/ros2_ws/install/setup.ps1'
[2.583s] INFO:colcon.colcon_core.shell:Creating prefix script '/root/ros2_ws/install/local_setup.sh'
[2.583s] INFO:colcon.colcon_core.shell:Creating prefix util module '/root/ros2_ws/install/_local_setup_util_sh.py'
[2.583s] INFO:colcon.colcon_core.shell:Creating prefix chain script '/root/ros2_ws/install/setup.sh'
[2.584s] INFO:colcon.colcon_core.shell:Creating prefix script '/root/ros2_ws/install/local_setup.bash'
[2.584s] INFO:colcon.colcon_core.shell:Creating prefix chain script '/root/ros2_ws/install/setup.bash'
[2.584s] INFO:colcon.colcon_core.shell:Creating prefix script '/root/ros2_ws/install/local_setup.zsh'
[2.584s] INFO:colcon.colcon_core.shell:Creating prefix chain script '/root/ros2_ws/install/setup.zsh'
