[0.007s] Invoking command in '/root/ros2_ws/build/robot_action_demo': /usr/bin/cmake /root/ros2_ws/src/robot_action_demo -DCATKIN_INSTALL_INTO_PREFIX_ROOT=0 -DCATKIN_SYMLINK_INSTALL=ON -DCMAKE_INSTALL_PREFIX=/root/ros2_ws/install/robot_action_demo
[0.041s] -- The C compiler identification is GNU 11.4.0
[0.076s] -- The CXX compiler identification is GNU 11.4.0
[0.080s] -- Detecting C compiler ABI info
[0.121s] -- Detecting C compiler ABI info - done
[0.125s] -- Check for working C compiler: /usr/bin/cc - skipped
[0.125s] -- Detecting C compile features
[0.126s] -- Detecting C compile features - done
[0.128s] -- Detecting CXX compiler ABI info
[0.177s] -- Detecting CXX compiler ABI info - done
[0.181s] -- Check for working CXX compiler: /usr/bin/c++ - skipped
[0.182s] -- Detecting CXX compile features
[0.182s] -- Detecting CXX compile features - done
[0.183s] -- Found ament_cmake: 1.3.12 (/opt/ros/humble/share/ament_cmake/cmake)
[0.256s] -- Found Python3: /usr/bin/python3 (found version "3.10.12") found components: Interpreter 
[0.304s] -- Found rosidl_default_generators: 1.2.0 (/opt/ros/humble/share/rosidl_default_generators/cmake)
[0.306s] -- Using all available rosidl_typesupport_c: rosidl_typesupport_fastrtps_c;rosidl_typesupport_introspection_c
[0.309s] -- Found rosidl_adapter: 3.1.7 (/opt/ros/humble/share/rosidl_adapter/cmake)
[0.327s] -- Using all available rosidl_typesupport_cpp: rosidl_typesupport_fastrtps_cpp;rosidl_typesupport_introspection_cpp
[0.506s] -- Found ament_cmake_ros: 0.10.0 (/opt/ros/humble/share/ament_cmake_ros/cmake)
[0.645s] -- Using all available rosidl_typesupport_c: rosidl_typesupport_fastrtps_c;rosidl_typesupport_introspection_c
[0.777s] -- Using all available rosidl_typesupport_cpp: rosidl_typesupport_fastrtps_cpp;rosidl_typesupport_introspection_cpp
[0.787s] -- Found PythonInterp: /usr/bin/python3 (found suitable version "3.10.12", minimum required is "3.6") 
[0.788s] -- Found python_cmake_module: 0.10.0 (/opt/ros/humble/share/python_cmake_module/cmake)
[0.799s] -- Found PythonLibs: /usr/lib/aarch64-linux-gnu/libpython3.10.so (found suitable version "3.10.12", minimum required is "3.5") 
[0.799s] -- Using PYTHON_EXECUTABLE: /usr/bin/python3
[0.799s] -- Using PYTHON_INCLUDE_DIRS: /usr/include/python3.10
[0.799s] -- Using PYTHON_LIBRARIES: /usr/lib/aarch64-linux-gnu/libpython3.10.so
[0.809s] -- Found PythonExtra: .so  
[0.837s] -- Configuring done
[0.865s] -- Generating done
[0.866s] [33mCMake Warning:
[0.866s]   Manually-specified variables were not used by the project:
[0.866s] 
[0.866s]     CATKIN_INSTALL_INTO_PREFIX_ROOT
[0.866s]     CATKIN_SYMLINK_INSTALL
[0.866s] 
[0.866s] [0m
[0.872s] -- Build files have been written to: /root/ros2_ws/build/robot_action_demo
[0.876s] Invoked command in '/root/ros2_ws/build/robot_action_demo' returned '0': /usr/bin/cmake /root/ros2_ws/src/robot_action_demo -DCATKIN_INSTALL_INTO_PREFIX_ROOT=0 -DCATKIN_SYMLINK_INSTALL=ON -DCMAKE_INSTALL_PREFIX=/root/ros2_ws/install/robot_action_demo
[0.878s] Invoking command in '/root/ros2_ws/build/robot_action_demo': /usr/bin/cmake --build /root/ros2_ws/build/robot_action_demo -- -j12 -l12
[0.901s] [  3%] [34m[1mGenerating C code for ROS interfaces[0m
[0.907s] [  6%] [34m[1mGenerating C++ code for ROS interfaces[0m
[0.912s] [  6%] Built target ament_cmake_python_copy_robot_action_demo
[1.010s] running egg_info
[1.010s] creating robot_action_demo.egg-info
[1.010s] writing robot_action_demo.egg-info/PKG-INFO
[1.010s] writing dependency_links to robot_action_demo.egg-info/dependency_links.txt
[1.010s] writing top-level names to robot_action_demo.egg-info/top_level.txt
[1.011s] writing manifest file 'robot_action_demo.egg-info/SOURCES.txt'
[1.011s] reading manifest file 'robot_action_demo.egg-info/SOURCES.txt'
[1.012s] writing manifest file 'robot_action_demo.egg-info/SOURCES.txt'
[1.030s] [  6%] Built target ament_cmake_python_build_robot_action_demo_egg
[1.156s] [  6%] Built target robot_action_demo__cpp
[1.159s] [  9%] [32mBuilding C object CMakeFiles/robot_action_demo__rosidl_generator_c.dir/rosidl_generator_c/robot_action_demo/action/detail/move_robot__functions.c.o[0m
[1.161s] [ 16%] [34m[1mGenerating C++ type support dispatch for ROS interfaces[0m
[1.161s] [ 16%] [34m[1mGenerating C++ type support for eProsima Fast-RTPS[0m
[1.161s] [ 19%] [34m[1mGenerating C++ introspection for ROS interfaces[0m
[1.229s] [ 22%] [32m[1mLinking C shared library librobot_action_demo__rosidl_generator_c.so[0m
[1.250s] [ 22%] Built target robot_action_demo__rosidl_generator_c
[1.256s] [ 32%] [34m[1mGenerating C type support for eProsima Fast-RTPS[0m
[1.256s] [ 32%] [34m[1mGenerating C type support dispatch for ROS interfaces[0m
[1.256s] [ 32%] [34m[1mGenerating C introspection for ROS interfaces[0m
[1.329s] [ 35%] [32mBuilding CXX object CMakeFiles/robot_action_demo__rosidl_typesupport_cpp.dir/rosidl_typesupport_cpp/robot_action_demo/action/move_robot__type_support.cpp.o[0m
[1.359s] [ 38%] [32mBuilding CXX object CMakeFiles/robot_action_demo__rosidl_typesupport_introspection_cpp.dir/rosidl_typesupport_introspection_cpp/robot_action_demo/action/detail/move_robot__type_support.cpp.o[0m
[1.389s] [ 41%] [32mBuilding CXX object CMakeFiles/robot_action_demo__rosidl_typesupport_fastrtps_cpp.dir/rosidl_typesupport_fastrtps_cpp/robot_action_demo/action/detail/dds_fastrtps/move_robot__type_support.cpp.o[0m
[1.419s] [ 45%] [32mBuilding CXX object CMakeFiles/robot_action_demo__rosidl_typesupport_c.dir/rosidl_typesupport_c/robot_action_demo/action/move_robot__type_support.cpp.o[0m
[1.445s] [ 48%] [32m[1mLinking CXX shared library librobot_action_demo__rosidl_typesupport_c.so[0m
[1.467s] [ 51%] [32mBuilding C object CMakeFiles/robot_action_demo__rosidl_typesupport_introspection_c.dir/rosidl_typesupport_introspection_c/robot_action_demo/action/detail/move_robot__type_support.c.o[0m
[1.469s] [ 51%] Built target robot_action_demo__rosidl_typesupport_c
[1.481s] [ 54%] [32mBuilding CXX object CMakeFiles/robot_action_demo__rosidl_typesupport_fastrtps_c.dir/rosidl_typesupport_fastrtps_c/robot_action_demo/action/detail/move_robot__type_support_c.cpp.o[0m
[1.492s] [ 58%] [32m[1mLinking C shared library librobot_action_demo__rosidl_typesupport_introspection_c.so[0m
[1.508s] [ 58%] Built target robot_action_demo__rosidl_typesupport_introspection_c
[1.547s] [ 61%] [32m[1mLinking CXX shared library librobot_action_demo__rosidl_typesupport_cpp.so[0m
[1.569s] [ 61%] Built target robot_action_demo__rosidl_typesupport_cpp
[1.640s] [ 64%] [32m[1mLinking CXX shared library librobot_action_demo__rosidl_typesupport_introspection_cpp.so[0m
[1.657s] [ 67%] [32m[1mLinking CXX shared library librobot_action_demo__rosidl_typesupport_fastrtps_cpp.so[0m
[1.668s] [ 70%] [32m[1mLinking CXX shared library librobot_action_demo__rosidl_typesupport_fastrtps_c.so[0m
[1.677s] [ 70%] Built target robot_action_demo__rosidl_typesupport_introspection_cpp
[1.696s] [ 70%] Built target robot_action_demo__rosidl_typesupport_fastrtps_cpp
[1.708s] [ 70%] Built target robot_action_demo__rosidl_typesupport_fastrtps_c
[1.718s] [ 70%] Built target robot_action_demo
[1.727s] [ 74%] [34m[1mGenerating Python code for ROS interfaces[0m
[2.157s] [ 74%] Built target robot_action_demo__py
[2.167s] [ 77%] [32mBuilding C object CMakeFiles/robot_action_demo__rosidl_generator_py.dir/rosidl_generator_py/robot_action_demo/action/_move_robot_s.c.o[0m
[2.241s] [ 80%] [32m[1mLinking C shared library rosidl_generator_py/robot_action_demo/librobot_action_demo__rosidl_generator_py.so[0m
[2.263s] [ 80%] Built target robot_action_demo__rosidl_generator_py
[2.273s] [ 90%] [32mBuilding C object CMakeFiles/robot_action_demo__rosidl_typesupport_c__pyext.dir/rosidl_generator_py/robot_action_demo/_robot_action_demo_s.ep.rosidl_typesupport_c.c.o[0m
[2.273s] [ 90%] [32mBuilding C object CMakeFiles/robot_action_demo__rosidl_typesupport_introspection_c__pyext.dir/rosidl_generator_py/robot_action_demo/_robot_action_demo_s.ep.rosidl_typesupport_introspection_c.c.o[0m
[2.273s] [ 90%] [32mBuilding C object CMakeFiles/robot_action_demo__rosidl_typesupport_fastrtps_c__pyext.dir/rosidl_generator_py/robot_action_demo/_robot_action_demo_s.ep.rosidl_typesupport_fastrtps_c.c.o[0m
[2.341s] [100%] [32m[1mLinking C shared library rosidl_generator_py/robot_action_demo/robot_action_demo_s__rosidl_typesupport_fastrtps_c.cpython-310-aarch64-linux-gnu.so[0m
[2.341s] [100%] [32m[1mLinking C shared library rosidl_generator_py/robot_action_demo/robot_action_demo_s__rosidl_typesupport_introspection_c.cpython-310-aarch64-linux-gnu.so[0m
[2.341s] [100%] [32m[1mLinking C shared library rosidl_generator_py/robot_action_demo/robot_action_demo_s__rosidl_typesupport_c.cpython-310-aarch64-linux-gnu.so[0m
[2.363s] [100%] Built target robot_action_demo__rosidl_typesupport_c__pyext
[2.363s] [100%] Built target robot_action_demo__rosidl_typesupport_fastrtps_c__pyext
[2.363s] [100%] Built target robot_action_demo__rosidl_typesupport_introspection_c__pyext
[2.369s] Invoked command in '/root/ros2_ws/build/robot_action_demo' returned '0': /usr/bin/cmake --build /root/ros2_ws/build/robot_action_demo -- -j12 -l12
[2.374s] Invoking command in '/root/ros2_ws/build/robot_action_demo': /usr/bin/cmake --install /root/ros2_ws/build/robot_action_demo
[2.378s] -- Install configuration: ""
[2.379s] -- Installing: /root/ros2_ws/install/robot_action_demo/share/ament_index/resource_index/rosidl_interfaces/robot_action_demo
[2.379s] -- Installing: /root/ros2_ws/install/robot_action_demo/include/robot_action_demo/robot_action_demo
[2.379s] -- Installing: /root/ros2_ws/install/robot_action_demo/include/robot_action_demo/robot_action_demo/msg
[2.379s] -- Installing: /root/ros2_ws/install/robot_action_demo/include/robot_action_demo/robot_action_demo/msg/rosidl_generator_c__visibility_control.h
[2.379s] -- Installing: /root/ros2_ws/install/robot_action_demo/include/robot_action_demo/robot_action_demo/action
[2.379s] -- Installing: /root/ros2_ws/install/robot_action_demo/include/robot_action_demo/robot_action_demo/action/detail
[2.379s] -- Installing: /root/ros2_ws/install/robot_action_demo/include/robot_action_demo/robot_action_demo/action/detail/move_robot__struct.h
[2.379s] -- Installing: /root/ros2_ws/install/robot_action_demo/include/robot_action_demo/robot_action_demo/action/detail/move_robot__functions.h
[2.379s] -- Installing: /root/ros2_ws/install/robot_action_demo/include/robot_action_demo/robot_action_demo/action/detail/move_robot__functions.c
[2.380s] -- Installing: /root/ros2_ws/install/robot_action_demo/include/robot_action_demo/robot_action_demo/action/detail/move_robot__type_support.h
[2.380s] -- Installing: /root/ros2_ws/install/robot_action_demo/include/robot_action_demo/robot_action_demo/action/move_robot.h
[2.380s] -- Installing: /root/ros2_ws/install/robot_action_demo/share/robot_action_demo/environment/library_path.sh
[2.380s] -- Installing: /root/ros2_ws/install/robot_action_demo/share/robot_action_demo/environment/library_path.dsv
[2.380s] -- Installing: /root/ros2_ws/install/robot_action_demo/lib/librobot_action_demo__rosidl_generator_c.so
[2.380s] -- Set runtime path of "/root/ros2_ws/install/robot_action_demo/lib/librobot_action_demo__rosidl_generator_c.so" to ""
[2.380s] -- Up-to-date: /root/ros2_ws/install/robot_action_demo/include/robot_action_demo/robot_action_demo
[2.380s] -- Up-to-date: /root/ros2_ws/install/robot_action_demo/include/robot_action_demo/robot_action_demo/msg
[2.381s] -- Installing: /root/ros2_ws/install/robot_action_demo/include/robot_action_demo/robot_action_demo/msg/rosidl_typesupport_fastrtps_c__visibility_control.h
[2.381s] -- Up-to-date: /root/ros2_ws/install/robot_action_demo/include/robot_action_demo/robot_action_demo/action
[2.381s] -- Up-to-date: /root/ros2_ws/install/robot_action_demo/include/robot_action_demo/robot_action_demo/action/detail
[2.381s] -- Installing: /root/ros2_ws/install/robot_action_demo/include/robot_action_demo/robot_action_demo/action/detail/move_robot__rosidl_typesupport_fastrtps_c.h
[2.381s] -- Installing: /root/ros2_ws/install/robot_action_demo/lib/librobot_action_demo__rosidl_typesupport_fastrtps_c.so
[2.381s] -- Set runtime path of "/root/ros2_ws/install/robot_action_demo/lib/librobot_action_demo__rosidl_typesupport_fastrtps_c.so" to ""
[2.381s] -- Up-to-date: /root/ros2_ws/install/robot_action_demo/include/robot_action_demo/robot_action_demo
[2.381s] -- Up-to-date: /root/ros2_ws/install/robot_action_demo/include/robot_action_demo/robot_action_demo/msg
[2.381s] -- Installing: /root/ros2_ws/install/robot_action_demo/include/robot_action_demo/robot_action_demo/msg/rosidl_typesupport_introspection_c__visibility_control.h
[2.381s] -- Up-to-date: /root/ros2_ws/install/robot_action_demo/include/robot_action_demo/robot_action_demo/action
[2.381s] -- Up-to-date: /root/ros2_ws/install/robot_action_demo/include/robot_action_demo/robot_action_demo/action/detail
[2.381s] -- Installing: /root/ros2_ws/install/robot_action_demo/include/robot_action_demo/robot_action_demo/action/detail/move_robot__rosidl_typesupport_introspection_c.h
[2.381s] -- Installing: /root/ros2_ws/install/robot_action_demo/include/robot_action_demo/robot_action_demo/action/detail/move_robot__type_support.c
[2.381s] -- Installing: /root/ros2_ws/install/robot_action_demo/lib/librobot_action_demo__rosidl_typesupport_introspection_c.so
[2.382s] -- Set runtime path of "/root/ros2_ws/install/robot_action_demo/lib/librobot_action_demo__rosidl_typesupport_introspection_c.so" to ""
[2.382s] -- Installing: /root/ros2_ws/install/robot_action_demo/lib/librobot_action_demo__rosidl_typesupport_c.so
[2.382s] -- Set runtime path of "/root/ros2_ws/install/robot_action_demo/lib/librobot_action_demo__rosidl_typesupport_c.so" to ""
[2.382s] -- Up-to-date: /root/ros2_ws/install/robot_action_demo/include/robot_action_demo/robot_action_demo
[2.382s] -- Up-to-date: /root/ros2_ws/install/robot_action_demo/include/robot_action_demo/robot_action_demo/msg
[2.382s] -- Installing: /root/ros2_ws/install/robot_action_demo/include/robot_action_demo/robot_action_demo/msg/rosidl_generator_cpp__visibility_control.hpp
[2.382s] -- Up-to-date: /root/ros2_ws/install/robot_action_demo/include/robot_action_demo/robot_action_demo/action
[2.382s] -- Up-to-date: /root/ros2_ws/install/robot_action_demo/include/robot_action_demo/robot_action_demo/action/detail
[2.382s] -- Installing: /root/ros2_ws/install/robot_action_demo/include/robot_action_demo/robot_action_demo/action/detail/move_robot__struct.hpp
[2.382s] -- Installing: /root/ros2_ws/install/robot_action_demo/include/robot_action_demo/robot_action_demo/action/detail/move_robot__builder.hpp
[2.382s] -- Installing: /root/ros2_ws/install/robot_action_demo/include/robot_action_demo/robot_action_demo/action/detail/move_robot__traits.hpp
[2.382s] -- Installing: /root/ros2_ws/install/robot_action_demo/include/robot_action_demo/robot_action_demo/action/detail/move_robot__type_support.hpp
[2.382s] -- Installing: /root/ros2_ws/install/robot_action_demo/include/robot_action_demo/robot_action_demo/action/move_robot.hpp
[2.382s] -- Up-to-date: /root/ros2_ws/install/robot_action_demo/include/robot_action_demo/robot_action_demo
[2.382s] -- Up-to-date: /root/ros2_ws/install/robot_action_demo/include/robot_action_demo/robot_action_demo/msg
[2.382s] -- Installing: /root/ros2_ws/install/robot_action_demo/include/robot_action_demo/robot_action_demo/msg/rosidl_typesupport_fastrtps_cpp__visibility_control.h
[2.382s] -- Up-to-date: /root/ros2_ws/install/robot_action_demo/include/robot_action_demo/robot_action_demo/action
[2.383s] -- Up-to-date: /root/ros2_ws/install/robot_action_demo/include/robot_action_demo/robot_action_demo/action/detail
[2.383s] -- Installing: /root/ros2_ws/install/robot_action_demo/include/robot_action_demo/robot_action_demo/action/detail/dds_fastrtps
[2.383s] -- Installing: /root/ros2_ws/install/robot_action_demo/include/robot_action_demo/robot_action_demo/action/detail/move_robot__rosidl_typesupport_fastrtps_cpp.hpp
[2.383s] -- Installing: /root/ros2_ws/install/robot_action_demo/lib/librobot_action_demo__rosidl_typesupport_fastrtps_cpp.so
[2.383s] -- Set runtime path of "/root/ros2_ws/install/robot_action_demo/lib/librobot_action_demo__rosidl_typesupport_fastrtps_cpp.so" to ""
[2.383s] -- Up-to-date: /root/ros2_ws/install/robot_action_demo/include/robot_action_demo/robot_action_demo
[2.383s] -- Up-to-date: /root/ros2_ws/install/robot_action_demo/include/robot_action_demo/robot_action_demo/action
[2.383s] -- Up-to-date: /root/ros2_ws/install/robot_action_demo/include/robot_action_demo/robot_action_demo/action/detail
[2.383s] -- Installing: /root/ros2_ws/install/robot_action_demo/include/robot_action_demo/robot_action_demo/action/detail/move_robot__type_support.cpp
[2.383s] -- Installing: /root/ros2_ws/install/robot_action_demo/include/robot_action_demo/robot_action_demo/action/detail/move_robot__rosidl_typesupport_introspection_cpp.hpp
[2.383s] -- Installing: /root/ros2_ws/install/robot_action_demo/lib/librobot_action_demo__rosidl_typesupport_introspection_cpp.so
[2.383s] -- Set runtime path of "/root/ros2_ws/install/robot_action_demo/lib/librobot_action_demo__rosidl_typesupport_introspection_cpp.so" to ""
[2.383s] -- Installing: /root/ros2_ws/install/robot_action_demo/lib/librobot_action_demo__rosidl_typesupport_cpp.so
[2.383s] -- Set runtime path of "/root/ros2_ws/install/robot_action_demo/lib/librobot_action_demo__rosidl_typesupport_cpp.so" to ""
[2.383s] -- Installing: /root/ros2_ws/install/robot_action_demo/share/robot_action_demo/environment/pythonpath.sh
[2.383s] -- Installing: /root/ros2_ws/install/robot_action_demo/share/robot_action_demo/environment/pythonpath.dsv
[2.383s] -- Installing: /root/ros2_ws/install/robot_action_demo/local/lib/python3.10/dist-packages/robot_action_demo-0.0.0-py3.10.egg-info
[2.384s] -- Installing: /root/ros2_ws/install/robot_action_demo/local/lib/python3.10/dist-packages/robot_action_demo-0.0.0-py3.10.egg-info/PKG-INFO
[2.384s] -- Installing: /root/ros2_ws/install/robot_action_demo/local/lib/python3.10/dist-packages/robot_action_demo-0.0.0-py3.10.egg-info/top_level.txt
[2.384s] -- Installing: /root/ros2_ws/install/robot_action_demo/local/lib/python3.10/dist-packages/robot_action_demo-0.0.0-py3.10.egg-info/SOURCES.txt
[2.384s] -- Installing: /root/ros2_ws/install/robot_action_demo/local/lib/python3.10/dist-packages/robot_action_demo-0.0.0-py3.10.egg-info/dependency_links.txt
[2.384s] -- Installing: /root/ros2_ws/install/robot_action_demo/local/lib/python3.10/dist-packages/robot_action_demo
[2.384s] -- Installing: /root/ros2_ws/install/robot_action_demo/local/lib/python3.10/dist-packages/robot_action_demo/_robot_action_demo_s.ep.rosidl_typesupport_fastrtps_c.c
[2.384s] -- Installing: /root/ros2_ws/install/robot_action_demo/local/lib/python3.10/dist-packages/robot_action_demo/_robot_action_demo_s.ep.rosidl_typesupport_introspection_c.c
[2.384s] -- Installing: /root/ros2_ws/install/robot_action_demo/local/lib/python3.10/dist-packages/robot_action_demo/robot_action_demo_s__rosidl_typesupport_c.cpython-310-aarch64-linux-gnu.so
[2.384s] -- Installing: /root/ros2_ws/install/robot_action_demo/local/lib/python3.10/dist-packages/robot_action_demo/__init__.py
[2.384s] -- Installing: /root/ros2_ws/install/robot_action_demo/local/lib/python3.10/dist-packages/robot_action_demo/robot_action_demo_s__rosidl_typesupport_introspection_c.cpython-310-aarch64-linux-gnu.so
[2.385s] -- Installing: /root/ros2_ws/install/robot_action_demo/local/lib/python3.10/dist-packages/robot_action_demo/robot_action_demo_s__rosidl_typesupport_fastrtps_c.cpython-310-aarch64-linux-gnu.so
[2.385s] -- Installing: /root/ros2_ws/install/robot_action_demo/local/lib/python3.10/dist-packages/robot_action_demo/librobot_action_demo__rosidl_generator_py.so
[2.385s] -- Installing: /root/ros2_ws/install/robot_action_demo/local/lib/python3.10/dist-packages/robot_action_demo/action
[2.385s] -- Installing: /root/ros2_ws/install/robot_action_demo/local/lib/python3.10/dist-packages/robot_action_demo/action/_move_robot.py
[2.385s] -- Installing: /root/ros2_ws/install/robot_action_demo/local/lib/python3.10/dist-packages/robot_action_demo/action/__init__.py
[2.385s] -- Installing: /root/ros2_ws/install/robot_action_demo/local/lib/python3.10/dist-packages/robot_action_demo/action/_move_robot_s.c
[2.385s] -- Installing: /root/ros2_ws/install/robot_action_demo/local/lib/python3.10/dist-packages/robot_action_demo/_robot_action_demo_s.ep.rosidl_typesupport_c.c
[2.408s] Listing '/root/ros2_ws/install/robot_action_demo/local/lib/python3.10/dist-packages/robot_action_demo'...
[2.408s] Compiling '/root/ros2_ws/install/robot_action_demo/local/lib/python3.10/dist-packages/robot_action_demo/__init__.py'...
[2.408s] Listing '/root/ros2_ws/install/robot_action_demo/local/lib/python3.10/dist-packages/robot_action_demo/action'...
[2.408s] Compiling '/root/ros2_ws/install/robot_action_demo/local/lib/python3.10/dist-packages/robot_action_demo/action/__init__.py'...
[2.408s] Compiling '/root/ros2_ws/install/robot_action_demo/local/lib/python3.10/dist-packages/robot_action_demo/action/_move_robot.py'...
[2.412s] -- Installing: /root/ros2_ws/install/robot_action_demo/local/lib/python3.10/dist-packages/robot_action_demo/robot_action_demo_s__rosidl_typesupport_fastrtps_c.cpython-310-aarch64-linux-gnu.so
[2.412s] -- Set runtime path of "/root/ros2_ws/install/robot_action_demo/local/lib/python3.10/dist-packages/robot_action_demo/robot_action_demo_s__rosidl_typesupport_fastrtps_c.cpython-310-aarch64-linux-gnu.so" to ""
[2.412s] -- Installing: /root/ros2_ws/install/robot_action_demo/local/lib/python3.10/dist-packages/robot_action_demo/robot_action_demo_s__rosidl_typesupport_introspection_c.cpython-310-aarch64-linux-gnu.so
[2.412s] -- Set runtime path of "/root/ros2_ws/install/robot_action_demo/local/lib/python3.10/dist-packages/robot_action_demo/robot_action_demo_s__rosidl_typesupport_introspection_c.cpython-310-aarch64-linux-gnu.so" to ""
[2.413s] -- Installing: /root/ros2_ws/install/robot_action_demo/local/lib/python3.10/dist-packages/robot_action_demo/robot_action_demo_s__rosidl_typesupport_c.cpython-310-aarch64-linux-gnu.so
[2.413s] -- Set runtime path of "/root/ros2_ws/install/robot_action_demo/local/lib/python3.10/dist-packages/robot_action_demo/robot_action_demo_s__rosidl_typesupport_c.cpython-310-aarch64-linux-gnu.so" to ""
[2.413s] -- Installing: /root/ros2_ws/install/robot_action_demo/lib/librobot_action_demo__rosidl_generator_py.so
[2.413s] -- Set runtime path of "/root/ros2_ws/install/robot_action_demo/lib/librobot_action_demo__rosidl_generator_py.so" to ""
[2.413s] -- Installing: /root/ros2_ws/install/robot_action_demo/share/robot_action_demo/action/MoveRobot.idl
[2.413s] -- Installing: /root/ros2_ws/install/robot_action_demo/share/robot_action_demo/action/MoveRobot.action
[2.413s] -- Installing: /root/ros2_ws/install/robot_action_demo/lib/robot_action_demo/move_robot_server
[2.413s] -- Installing: /root/ros2_ws/install/robot_action_demo/lib/robot_action_demo/move_robot_client
[2.413s] -- Installing: /root/ros2_ws/install/robot_action_demo/share/ament_index/resource_index/package_run_dependencies/robot_action_demo
[2.414s] -- Installing: /root/ros2_ws/install/robot_action_demo/share/ament_index/resource_index/parent_prefix_path/robot_action_demo
[2.414s] -- Installing: /root/ros2_ws/install/robot_action_demo/share/robot_action_demo/environment/ament_prefix_path.sh
[2.414s] -- Installing: /root/ros2_ws/install/robot_action_demo/share/robot_action_demo/environment/ament_prefix_path.dsv
[2.414s] -- Installing: /root/ros2_ws/install/robot_action_demo/share/robot_action_demo/environment/path.sh
[2.414s] -- Installing: /root/ros2_ws/install/robot_action_demo/share/robot_action_demo/environment/path.dsv
[2.414s] -- Installing: /root/ros2_ws/install/robot_action_demo/share/robot_action_demo/local_setup.bash
[2.414s] -- Installing: /root/ros2_ws/install/robot_action_demo/share/robot_action_demo/local_setup.sh
[2.414s] -- Installing: /root/ros2_ws/install/robot_action_demo/share/robot_action_demo/local_setup.zsh
[2.414s] -- Installing: /root/ros2_ws/install/robot_action_demo/share/robot_action_demo/local_setup.dsv
[2.414s] -- Installing: /root/ros2_ws/install/robot_action_demo/share/robot_action_demo/package.dsv
[2.414s] -- Installing: /root/ros2_ws/install/robot_action_demo/share/ament_index/resource_index/packages/robot_action_demo
[2.414s] -- Installing: /root/ros2_ws/install/robot_action_demo/share/robot_action_demo/cmake/export_robot_action_demo__rosidl_generator_cExport.cmake
[2.414s] -- Installing: /root/ros2_ws/install/robot_action_demo/share/robot_action_demo/cmake/export_robot_action_demo__rosidl_generator_cExport-noconfig.cmake
[2.415s] -- Installing: /root/ros2_ws/install/robot_action_demo/share/robot_action_demo/cmake/export_robot_action_demo__rosidl_typesupport_fastrtps_cExport.cmake
[2.415s] -- Installing: /root/ros2_ws/install/robot_action_demo/share/robot_action_demo/cmake/export_robot_action_demo__rosidl_typesupport_fastrtps_cExport-noconfig.cmake
[2.415s] -- Installing: /root/ros2_ws/install/robot_action_demo/share/robot_action_demo/cmake/robot_action_demo__rosidl_typesupport_introspection_cExport.cmake
[2.415s] -- Installing: /root/ros2_ws/install/robot_action_demo/share/robot_action_demo/cmake/robot_action_demo__rosidl_typesupport_introspection_cExport-noconfig.cmake
[2.415s] -- Installing: /root/ros2_ws/install/robot_action_demo/share/robot_action_demo/cmake/robot_action_demo__rosidl_typesupport_cExport.cmake
[2.415s] -- Installing: /root/ros2_ws/install/robot_action_demo/share/robot_action_demo/cmake/robot_action_demo__rosidl_typesupport_cExport-noconfig.cmake
[2.415s] -- Installing: /root/ros2_ws/install/robot_action_demo/share/robot_action_demo/cmake/export_robot_action_demo__rosidl_generator_cppExport.cmake
[2.415s] -- Installing: /root/ros2_ws/install/robot_action_demo/share/robot_action_demo/cmake/export_robot_action_demo__rosidl_typesupport_fastrtps_cppExport.cmake
[2.415s] -- Installing: /root/ros2_ws/install/robot_action_demo/share/robot_action_demo/cmake/export_robot_action_demo__rosidl_typesupport_fastrtps_cppExport-noconfig.cmake
[2.415s] -- Installing: /root/ros2_ws/install/robot_action_demo/share/robot_action_demo/cmake/robot_action_demo__rosidl_typesupport_introspection_cppExport.cmake
[2.415s] -- Installing: /root/ros2_ws/install/robot_action_demo/share/robot_action_demo/cmake/robot_action_demo__rosidl_typesupport_introspection_cppExport-noconfig.cmake
[2.415s] -- Installing: /root/ros2_ws/install/robot_action_demo/share/robot_action_demo/cmake/robot_action_demo__rosidl_typesupport_cppExport.cmake
[2.415s] -- Installing: /root/ros2_ws/install/robot_action_demo/share/robot_action_demo/cmake/robot_action_demo__rosidl_typesupport_cppExport-noconfig.cmake
[2.415s] -- Installing: /root/ros2_ws/install/robot_action_demo/share/robot_action_demo/cmake/export_robot_action_demo__rosidl_generator_pyExport.cmake
[2.415s] -- Installing: /root/ros2_ws/install/robot_action_demo/share/robot_action_demo/cmake/export_robot_action_demo__rosidl_generator_pyExport-noconfig.cmake
[2.415s] -- Installing: /root/ros2_ws/install/robot_action_demo/share/robot_action_demo/cmake/rosidl_cmake-extras.cmake
[2.416s] -- Installing: /root/ros2_ws/install/robot_action_demo/share/robot_action_demo/cmake/ament_cmake_export_dependencies-extras.cmake
[2.416s] -- Installing: /root/ros2_ws/install/robot_action_demo/share/robot_action_demo/cmake/ament_cmake_export_include_directories-extras.cmake
[2.416s] -- Installing: /root/ros2_ws/install/robot_action_demo/share/robot_action_demo/cmake/ament_cmake_export_libraries-extras.cmake
[2.416s] -- Installing: /root/ros2_ws/install/robot_action_demo/share/robot_action_demo/cmake/ament_cmake_export_targets-extras.cmake
[2.416s] -- Installing: /root/ros2_ws/install/robot_action_demo/share/robot_action_demo/cmake/rosidl_cmake_export_typesupport_targets-extras.cmake
[2.416s] -- Installing: /root/ros2_ws/install/robot_action_demo/share/robot_action_demo/cmake/rosidl_cmake_export_typesupport_libraries-extras.cmake
[2.416s] -- Installing: /root/ros2_ws/install/robot_action_demo/share/robot_action_demo/cmake/robot_action_demoConfig.cmake
[2.416s] -- Installing: /root/ros2_ws/install/robot_action_demo/share/robot_action_demo/cmake/robot_action_demoConfig-version.cmake
[2.416s] -- Installing: /root/ros2_ws/install/robot_action_demo/share/robot_action_demo/package.xml
[2.418s] Invoked command in '/root/ros2_ws/build/robot_action_demo' returned '0': /usr/bin/cmake --install /root/ros2_ws/build/robot_action_demo
