[0.007s] Invoking command in '/root/ros2_ws/build/robot_action_demo': /usr/bin/cmake /root/ros2_ws/src/robot_action_demo -DCATKIN_INSTALL_INTO_PREFIX_ROOT=0 -DCATKIN_SYMLINK_INSTALL=ON -DCMAKE_INSTALL_PREFIX=/root/ros2_ws/install/robot_action_demo
[0.042s] -- The C compiler identification is GNU 11.4.0
[0.083s] -- The CXX compiler identification is GNU 11.4.0
[0.088s] -- Detecting C compiler ABI info
[0.154s] -- Detecting C compiler ABI info - done
[0.160s] -- Check for working C compiler: /usr/bin/cc - skipped
[0.160s] -- Detecting C compile features
[0.160s] -- Detecting C compile features - done
[0.163s] -- Detecting CXX compiler ABI info
[0.222s] -- Detecting CXX compiler ABI info - done
[0.227s] -- Check for working CXX compiler: /usr/bin/c++ - skipped
[0.227s] -- Detecting CXX compile features
[0.227s] -- Detecting CXX compile features - done
[0.229s] -- Found ament_cmake: 1.3.12 (/opt/ros/humble/share/ament_cmake/cmake)
[0.309s] -- Found Python3: /usr/bin/python3 (found version "3.10.12") found components: Interpreter 
[0.362s] -- Found rosidl_default_generators: 1.2.0 (/opt/ros/humble/share/rosidl_default_generators/cmake)
[0.363s] -- Using all available rosidl_typesupport_c: rosidl_typesupport_fastrtps_c;rosidl_typesupport_introspection_c
[0.366s] -- Found rosidl_adapter: 3.1.7 (/opt/ros/humble/share/rosidl_adapter/cmake)
[0.384s] -- Using all available rosidl_typesupport_cpp: rosidl_typesupport_fastrtps_cpp;rosidl_typesupport_introspection_cpp
[0.557s] -- Found ament_cmake_ros: 0.10.0 (/opt/ros/humble/share/ament_cmake_ros/cmake)
[0.656s] -- Using all available rosidl_typesupport_c: rosidl_typesupport_fastrtps_c;rosidl_typesupport_introspection_c
[0.784s] -- Using all available rosidl_typesupport_cpp: rosidl_typesupport_fastrtps_cpp;rosidl_typesupport_introspection_cpp
[0.794s] -- Found PythonInterp: /usr/bin/python3 (found suitable version "3.10.12", minimum required is "3.6") 
[0.795s] -- Found python_cmake_module: 0.10.0 (/opt/ros/humble/share/python_cmake_module/cmake)
[0.805s] -- Found PythonLibs: /usr/lib/aarch64-linux-gnu/libpython3.10.so (found suitable version "3.10.12", minimum required is "3.5") 
[0.806s] -- Using PYTHON_EXECUTABLE: /usr/bin/python3
[0.806s] -- Using PYTHON_INCLUDE_DIRS: /usr/include/python3.10
[0.806s] -- Using PYTHON_LIBRARIES: /usr/lib/aarch64-linux-gnu/libpython3.10.so
[0.814s] -- Found PythonExtra: .so  
[0.838s] -- Configuring done
[0.857s] -- Generating done
[0.858s] [33mCMake Warning:
[0.858s]   Manually-specified variables were not used by the project:
[0.858s] 
[0.858s]     CATKIN_INSTALL_INTO_PREFIX_ROOT
[0.858s]     CATKIN_SYMLINK_INSTALL
[0.858s] 
[0.858s] [0m
[0.864s] -- Build files have been written to: /root/ros2_ws/build/robot_action_demo
[0.868s] Invoked command in '/root/ros2_ws/build/robot_action_demo' returned '0': /usr/bin/cmake /root/ros2_ws/src/robot_action_demo -DCATKIN_INSTALL_INTO_PREFIX_ROOT=0 -DCATKIN_SYMLINK_INSTALL=ON -DCMAKE_INSTALL_PREFIX=/root/ros2_ws/install/robot_action_demo
[0.869s] Invoking command in '/root/ros2_ws/build/robot_action_demo': /usr/bin/cmake --build /root/ros2_ws/build/robot_action_demo -- -j12 -l12
[0.892s] [  3%] [34m[1mGenerating C code for ROS interfaces[0m
[0.897s] [  6%] [34m[1mGenerating C++ code for ROS interfaces[0m
[0.902s] [  6%] Built target ament_cmake_python_copy_robot_action_demo
[0.998s] running egg_info
[0.998s] creating robot_action_demo.egg-info
[0.998s] writing robot_action_demo.egg-info/PKG-INFO
[0.999s] writing dependency_links to robot_action_demo.egg-info/dependency_links.txt
[0.999s] writing top-level names to robot_action_demo.egg-info/top_level.txt
[0.999s] writing manifest file 'robot_action_demo.egg-info/SOURCES.txt'
[1.000s] reading manifest file 'robot_action_demo.egg-info/SOURCES.txt'
[1.000s] writing manifest file 'robot_action_demo.egg-info/SOURCES.txt'
[1.018s] [  6%] Built target ament_cmake_python_build_robot_action_demo_egg
[1.144s] [  9%] [32mBuilding C object CMakeFiles/robot_action_demo__rosidl_generator_c.dir/rosidl_generator_c/robot_action_demo/action/detail/move_robot__functions.c.o[0m
[1.145s] [  9%] Built target robot_action_demo__cpp
[1.150s] [ 19%] [34m[1mGenerating C++ type support for eProsima Fast-RTPS[0m
[1.151s] [ 19%] [34m[1mGenerating C++ type support dispatch for ROS interfaces[0m
[1.151s] [ 19%] [34m[1mGenerating C++ introspection for ROS interfaces[0m
[1.210s] [ 22%] [32m[1mLinking C shared library librobot_action_demo__rosidl_generator_c.so[0m
[1.229s] [ 22%] Built target robot_action_demo__rosidl_generator_c
[1.236s] [ 32%] [34m[1mGenerating C type support for eProsima Fast-RTPS[0m
[1.237s] [ 32%] [34m[1mGenerating C introspection for ROS interfaces[0m
[1.237s] [ 32%] [34m[1mGenerating C type support dispatch for ROS interfaces[0m
[1.320s] [ 35%] [32mBuilding CXX object CMakeFiles/robot_action_demo__rosidl_typesupport_cpp.dir/rosidl_typesupport_cpp/robot_action_demo/action/move_robot__type_support.cpp.o[0m
[1.354s] [ 38%] [32mBuilding CXX object CMakeFiles/robot_action_demo__rosidl_typesupport_introspection_cpp.dir/rosidl_typesupport_introspection_cpp/robot_action_demo/action/detail/move_robot__type_support.cpp.o[0m
[1.379s] [ 41%] [32mBuilding CXX object CMakeFiles/robot_action_demo__rosidl_typesupport_fastrtps_cpp.dir/rosidl_typesupport_fastrtps_cpp/robot_action_demo/action/detail/dds_fastrtps/move_robot__type_support.cpp.o[0m
[1.398s] [ 45%] [32mBuilding CXX object CMakeFiles/robot_action_demo__rosidl_typesupport_c.dir/rosidl_typesupport_c/robot_action_demo/action/move_robot__type_support.cpp.o[0m
[1.424s] [ 48%] [32m[1mLinking CXX shared library librobot_action_demo__rosidl_typesupport_c.so[0m
[1.447s] [ 48%] Built target robot_action_demo__rosidl_typesupport_c
[1.448s] [ 51%] [32mBuilding C object CMakeFiles/robot_action_demo__rosidl_typesupport_introspection_c.dir/rosidl_typesupport_introspection_c/robot_action_demo/action/detail/move_robot__type_support.c.o[0m
[1.456s] [ 54%] [32mBuilding CXX object CMakeFiles/robot_action_demo__rosidl_typesupport_fastrtps_c.dir/rosidl_typesupport_fastrtps_c/robot_action_demo/action/detail/move_robot__type_support_c.cpp.o[0m
[1.473s] [ 58%] [32m[1mLinking C shared library librobot_action_demo__rosidl_typesupport_introspection_c.so[0m
[1.490s] [ 58%] Built target robot_action_demo__rosidl_typesupport_introspection_c
[1.541s] [ 61%] [32m[1mLinking CXX shared library librobot_action_demo__rosidl_typesupport_cpp.so[0m
[1.563s] [ 61%] Built target robot_action_demo__rosidl_typesupport_cpp
[1.637s] [ 64%] [32m[1mLinking CXX shared library librobot_action_demo__rosidl_typesupport_introspection_cpp.so[0m
[1.643s] [ 67%] [32m[1mLinking CXX shared library librobot_action_demo__rosidl_typesupport_fastrtps_c.so[0m
[1.648s] [ 70%] [32m[1mLinking CXX shared library librobot_action_demo__rosidl_typesupport_fastrtps_cpp.so[0m
[1.673s] [ 70%] Built target robot_action_demo__rosidl_typesupport_introspection_cpp
[1.680s] [ 70%] Built target robot_action_demo__rosidl_typesupport_fastrtps_c
[1.686s] [ 70%] Built target robot_action_demo__rosidl_typesupport_fastrtps_cpp
[1.694s] [ 70%] Built target robot_action_demo
[1.703s] [ 74%] [34m[1mGenerating Python code for ROS interfaces[0m
[2.115s] [ 74%] Built target robot_action_demo__py
[2.124s] [ 77%] [32mBuilding C object CMakeFiles/robot_action_demo__rosidl_generator_py.dir/rosidl_generator_py/robot_action_demo/action/_move_robot_s.c.o[0m
[2.198s] [ 80%] [32m[1mLinking C shared library rosidl_generator_py/robot_action_demo/librobot_action_demo__rosidl_generator_py.so[0m
[2.222s] [ 80%] Built target robot_action_demo__rosidl_generator_py
[2.234s] [ 90%] [32mBuilding C object CMakeFiles/robot_action_demo__rosidl_typesupport_c__pyext.dir/rosidl_generator_py/robot_action_demo/_robot_action_demo_s.ep.rosidl_typesupport_c.c.o[0m
[2.234s] [ 90%] [32mBuilding C object CMakeFiles/robot_action_demo__rosidl_typesupport_fastrtps_c__pyext.dir/rosidl_generator_py/robot_action_demo/_robot_action_demo_s.ep.rosidl_typesupport_fastrtps_c.c.o[0m
[2.234s] [ 90%] [32mBuilding C object CMakeFiles/robot_action_demo__rosidl_typesupport_introspection_c__pyext.dir/rosidl_generator_py/robot_action_demo/_robot_action_demo_s.ep.rosidl_typesupport_introspection_c.c.o[0m
[2.300s] [100%] [32m[1mLinking C shared library rosidl_generator_py/robot_action_demo/robot_action_demo_s__rosidl_typesupport_fastrtps_c.cpython-310-aarch64-linux-gnu.so[0m
[2.300s] [100%] [32m[1mLinking C shared library rosidl_generator_py/robot_action_demo/robot_action_demo_s__rosidl_typesupport_introspection_c.cpython-310-aarch64-linux-gnu.so[0m
[2.300s] [100%] [32m[1mLinking C shared library rosidl_generator_py/robot_action_demo/robot_action_demo_s__rosidl_typesupport_c.cpython-310-aarch64-linux-gnu.so[0m
[2.321s] [100%] Built target robot_action_demo__rosidl_typesupport_fastrtps_c__pyext
[2.321s] [100%] Built target robot_action_demo__rosidl_typesupport_introspection_c__pyext
[2.321s] [100%] Built target robot_action_demo__rosidl_typesupport_c__pyext
[2.327s] Invoked command in '/root/ros2_ws/build/robot_action_demo' returned '0': /usr/bin/cmake --build /root/ros2_ws/build/robot_action_demo -- -j12 -l12
[2.332s] Invoking command in '/root/ros2_ws/build/robot_action_demo': /usr/bin/cmake --install /root/ros2_ws/build/robot_action_demo
[2.335s] -- Install configuration: ""
[2.336s] -- Installing: /root/ros2_ws/install/robot_action_demo/share/ament_index/resource_index/rosidl_interfaces/robot_action_demo
[2.336s] -- Installing: /root/ros2_ws/install/robot_action_demo/include/robot_action_demo/robot_action_demo
[2.336s] -- Installing: /root/ros2_ws/install/robot_action_demo/include/robot_action_demo/robot_action_demo/msg
[2.336s] -- Installing: /root/ros2_ws/install/robot_action_demo/include/robot_action_demo/robot_action_demo/msg/rosidl_generator_c__visibility_control.h
[2.336s] -- Installing: /root/ros2_ws/install/robot_action_demo/include/robot_action_demo/robot_action_demo/action
[2.336s] -- Installing: /root/ros2_ws/install/robot_action_demo/include/robot_action_demo/robot_action_demo/action/detail
[2.336s] -- Installing: /root/ros2_ws/install/robot_action_demo/include/robot_action_demo/robot_action_demo/action/detail/move_robot__struct.h
[2.336s] -- Installing: /root/ros2_ws/install/robot_action_demo/include/robot_action_demo/robot_action_demo/action/detail/move_robot__functions.h
[2.336s] -- Installing: /root/ros2_ws/install/robot_action_demo/include/robot_action_demo/robot_action_demo/action/detail/move_robot__functions.c
[2.336s] -- Installing: /root/ros2_ws/install/robot_action_demo/include/robot_action_demo/robot_action_demo/action/detail/move_robot__type_support.h
[2.337s] -- Installing: /root/ros2_ws/install/robot_action_demo/include/robot_action_demo/robot_action_demo/action/move_robot.h
[2.337s] -- Installing: /root/ros2_ws/install/robot_action_demo/share/robot_action_demo/environment/library_path.sh
[2.337s] -- Installing: /root/ros2_ws/install/robot_action_demo/share/robot_action_demo/environment/library_path.dsv
[2.337s] -- Installing: /root/ros2_ws/install/robot_action_demo/lib/librobot_action_demo__rosidl_generator_c.so
[2.337s] -- Set runtime path of "/root/ros2_ws/install/robot_action_demo/lib/librobot_action_demo__rosidl_generator_c.so" to ""
[2.337s] -- Up-to-date: /root/ros2_ws/install/robot_action_demo/include/robot_action_demo/robot_action_demo
[2.337s] -- Up-to-date: /root/ros2_ws/install/robot_action_demo/include/robot_action_demo/robot_action_demo/msg
[2.337s] -- Installing: /root/ros2_ws/install/robot_action_demo/include/robot_action_demo/robot_action_demo/msg/rosidl_typesupport_fastrtps_c__visibility_control.h
[2.337s] -- Up-to-date: /root/ros2_ws/install/robot_action_demo/include/robot_action_demo/robot_action_demo/action
[2.337s] -- Up-to-date: /root/ros2_ws/install/robot_action_demo/include/robot_action_demo/robot_action_demo/action/detail
[2.337s] -- Installing: /root/ros2_ws/install/robot_action_demo/include/robot_action_demo/robot_action_demo/action/detail/move_robot__rosidl_typesupport_fastrtps_c.h
[2.337s] -- Installing: /root/ros2_ws/install/robot_action_demo/lib/librobot_action_demo__rosidl_typesupport_fastrtps_c.so
[2.338s] -- Set runtime path of "/root/ros2_ws/install/robot_action_demo/lib/librobot_action_demo__rosidl_typesupport_fastrtps_c.so" to ""
[2.338s] -- Up-to-date: /root/ros2_ws/install/robot_action_demo/include/robot_action_demo/robot_action_demo
[2.338s] -- Up-to-date: /root/ros2_ws/install/robot_action_demo/include/robot_action_demo/robot_action_demo/msg
[2.338s] -- Installing: /root/ros2_ws/install/robot_action_demo/include/robot_action_demo/robot_action_demo/msg/rosidl_typesupport_introspection_c__visibility_control.h
[2.338s] -- Up-to-date: /root/ros2_ws/install/robot_action_demo/include/robot_action_demo/robot_action_demo/action
[2.338s] -- Up-to-date: /root/ros2_ws/install/robot_action_demo/include/robot_action_demo/robot_action_demo/action/detail
[2.338s] -- Installing: /root/ros2_ws/install/robot_action_demo/include/robot_action_demo/robot_action_demo/action/detail/move_robot__rosidl_typesupport_introspection_c.h
[2.338s] -- Installing: /root/ros2_ws/install/robot_action_demo/include/robot_action_demo/robot_action_demo/action/detail/move_robot__type_support.c
[2.338s] -- Installing: /root/ros2_ws/install/robot_action_demo/lib/librobot_action_demo__rosidl_typesupport_introspection_c.so
[2.338s] -- Set runtime path of "/root/ros2_ws/install/robot_action_demo/lib/librobot_action_demo__rosidl_typesupport_introspection_c.so" to ""
[2.338s] -- Installing: /root/ros2_ws/install/robot_action_demo/lib/librobot_action_demo__rosidl_typesupport_c.so
[2.338s] -- Set runtime path of "/root/ros2_ws/install/robot_action_demo/lib/librobot_action_demo__rosidl_typesupport_c.so" to ""
[2.338s] -- Up-to-date: /root/ros2_ws/install/robot_action_demo/include/robot_action_demo/robot_action_demo
[2.338s] -- Up-to-date: /root/ros2_ws/install/robot_action_demo/include/robot_action_demo/robot_action_demo/msg
[2.338s] -- Installing: /root/ros2_ws/install/robot_action_demo/include/robot_action_demo/robot_action_demo/msg/rosidl_generator_cpp__visibility_control.hpp
[2.339s] -- Up-to-date: /root/ros2_ws/install/robot_action_demo/include/robot_action_demo/robot_action_demo/action
[2.339s] -- Up-to-date: /root/ros2_ws/install/robot_action_demo/include/robot_action_demo/robot_action_demo/action/detail
[2.339s] -- Installing: /root/ros2_ws/install/robot_action_demo/include/robot_action_demo/robot_action_demo/action/detail/move_robot__struct.hpp
[2.339s] -- Installing: /root/ros2_ws/install/robot_action_demo/include/robot_action_demo/robot_action_demo/action/detail/move_robot__builder.hpp
[2.339s] -- Installing: /root/ros2_ws/install/robot_action_demo/include/robot_action_demo/robot_action_demo/action/detail/move_robot__traits.hpp
[2.339s] -- Installing: /root/ros2_ws/install/robot_action_demo/include/robot_action_demo/robot_action_demo/action/detail/move_robot__type_support.hpp
[2.339s] -- Installing: /root/ros2_ws/install/robot_action_demo/include/robot_action_demo/robot_action_demo/action/move_robot.hpp
[2.339s] -- Up-to-date: /root/ros2_ws/install/robot_action_demo/include/robot_action_demo/robot_action_demo
[2.339s] -- Up-to-date: /root/ros2_ws/install/robot_action_demo/include/robot_action_demo/robot_action_demo/msg
[2.339s] -- Installing: /root/ros2_ws/install/robot_action_demo/include/robot_action_demo/robot_action_demo/msg/rosidl_typesupport_fastrtps_cpp__visibility_control.h
[2.339s] -- Up-to-date: /root/ros2_ws/install/robot_action_demo/include/robot_action_demo/robot_action_demo/action
[2.339s] -- Up-to-date: /root/ros2_ws/install/robot_action_demo/include/robot_action_demo/robot_action_demo/action/detail
[2.339s] -- Installing: /root/ros2_ws/install/robot_action_demo/include/robot_action_demo/robot_action_demo/action/detail/dds_fastrtps
[2.339s] -- Installing: /root/ros2_ws/install/robot_action_demo/include/robot_action_demo/robot_action_demo/action/detail/move_robot__rosidl_typesupport_fastrtps_cpp.hpp
[2.339s] -- Installing: /root/ros2_ws/install/robot_action_demo/lib/librobot_action_demo__rosidl_typesupport_fastrtps_cpp.so
[2.339s] -- Set runtime path of "/root/ros2_ws/install/robot_action_demo/lib/librobot_action_demo__rosidl_typesupport_fastrtps_cpp.so" to ""
[2.339s] -- Up-to-date: /root/ros2_ws/install/robot_action_demo/include/robot_action_demo/robot_action_demo
[2.339s] -- Up-to-date: /root/ros2_ws/install/robot_action_demo/include/robot_action_demo/robot_action_demo/action
[2.339s] -- Up-to-date: /root/ros2_ws/install/robot_action_demo/include/robot_action_demo/robot_action_demo/action/detail
[2.339s] -- Installing: /root/ros2_ws/install/robot_action_demo/include/robot_action_demo/robot_action_demo/action/detail/move_robot__type_support.cpp
[2.340s] -- Installing: /root/ros2_ws/install/robot_action_demo/include/robot_action_demo/robot_action_demo/action/detail/move_robot__rosidl_typesupport_introspection_cpp.hpp
[2.340s] -- Installing: /root/ros2_ws/install/robot_action_demo/lib/librobot_action_demo__rosidl_typesupport_introspection_cpp.so
[2.340s] -- Set runtime path of "/root/ros2_ws/install/robot_action_demo/lib/librobot_action_demo__rosidl_typesupport_introspection_cpp.so" to ""
[2.340s] -- Installing: /root/ros2_ws/install/robot_action_demo/lib/librobot_action_demo__rosidl_typesupport_cpp.so
[2.340s] -- Set runtime path of "/root/ros2_ws/install/robot_action_demo/lib/librobot_action_demo__rosidl_typesupport_cpp.so" to ""
[2.340s] -- Installing: /root/ros2_ws/install/robot_action_demo/share/robot_action_demo/environment/pythonpath.sh
[2.341s] -- Installing: /root/ros2_ws/install/robot_action_demo/share/robot_action_demo/environment/pythonpath.dsv
[2.341s] -- Installing: /root/ros2_ws/install/robot_action_demo/local/lib/python3.10/dist-packages/robot_action_demo-0.0.0-py3.10.egg-info
[2.341s] -- Installing: /root/ros2_ws/install/robot_action_demo/local/lib/python3.10/dist-packages/robot_action_demo-0.0.0-py3.10.egg-info/PKG-INFO
[2.341s] -- Installing: /root/ros2_ws/install/robot_action_demo/local/lib/python3.10/dist-packages/robot_action_demo-0.0.0-py3.10.egg-info/top_level.txt
[2.341s] -- Installing: /root/ros2_ws/install/robot_action_demo/local/lib/python3.10/dist-packages/robot_action_demo-0.0.0-py3.10.egg-info/SOURCES.txt
[2.341s] -- Installing: /root/ros2_ws/install/robot_action_demo/local/lib/python3.10/dist-packages/robot_action_demo-0.0.0-py3.10.egg-info/dependency_links.txt
[2.341s] -- Installing: /root/ros2_ws/install/robot_action_demo/local/lib/python3.10/dist-packages/robot_action_demo
[2.341s] -- Installing: /root/ros2_ws/install/robot_action_demo/local/lib/python3.10/dist-packages/robot_action_demo/_robot_action_demo_s.ep.rosidl_typesupport_fastrtps_c.c
[2.341s] -- Installing: /root/ros2_ws/install/robot_action_demo/local/lib/python3.10/dist-packages/robot_action_demo/_robot_action_demo_s.ep.rosidl_typesupport_introspection_c.c
[2.341s] -- Installing: /root/ros2_ws/install/robot_action_demo/local/lib/python3.10/dist-packages/robot_action_demo/robot_action_demo_s__rosidl_typesupport_c.cpython-310-aarch64-linux-gnu.so
[2.341s] -- Installing: /root/ros2_ws/install/robot_action_demo/local/lib/python3.10/dist-packages/robot_action_demo/__init__.py
[2.341s] -- Installing: /root/ros2_ws/install/robot_action_demo/local/lib/python3.10/dist-packages/robot_action_demo/robot_action_demo_s__rosidl_typesupport_introspection_c.cpython-310-aarch64-linux-gnu.so
[2.342s] -- Installing: /root/ros2_ws/install/robot_action_demo/local/lib/python3.10/dist-packages/robot_action_demo/robot_action_demo_s__rosidl_typesupport_fastrtps_c.cpython-310-aarch64-linux-gnu.so
[2.342s] -- Installing: /root/ros2_ws/install/robot_action_demo/local/lib/python3.10/dist-packages/robot_action_demo/librobot_action_demo__rosidl_generator_py.so
[2.342s] -- Installing: /root/ros2_ws/install/robot_action_demo/local/lib/python3.10/dist-packages/robot_action_demo/action
[2.342s] -- Installing: /root/ros2_ws/install/robot_action_demo/local/lib/python3.10/dist-packages/robot_action_demo/action/_move_robot.py
[2.342s] -- Installing: /root/ros2_ws/install/robot_action_demo/local/lib/python3.10/dist-packages/robot_action_demo/action/__init__.py
[2.342s] -- Installing: /root/ros2_ws/install/robot_action_demo/local/lib/python3.10/dist-packages/robot_action_demo/action/_move_robot_s.c
[2.342s] -- Installing: /root/ros2_ws/install/robot_action_demo/local/lib/python3.10/dist-packages/robot_action_demo/_robot_action_demo_s.ep.rosidl_typesupport_c.c
[2.365s] Listing '/root/ros2_ws/install/robot_action_demo/local/lib/python3.10/dist-packages/robot_action_demo'...
[2.365s] Compiling '/root/ros2_ws/install/robot_action_demo/local/lib/python3.10/dist-packages/robot_action_demo/__init__.py'...
[2.365s] Listing '/root/ros2_ws/install/robot_action_demo/local/lib/python3.10/dist-packages/robot_action_demo/action'...
[2.365s] Compiling '/root/ros2_ws/install/robot_action_demo/local/lib/python3.10/dist-packages/robot_action_demo/action/__init__.py'...
[2.365s] Compiling '/root/ros2_ws/install/robot_action_demo/local/lib/python3.10/dist-packages/robot_action_demo/action/_move_robot.py'...
[2.369s] -- Installing: /root/ros2_ws/install/robot_action_demo/local/lib/python3.10/dist-packages/robot_action_demo/robot_action_demo_s__rosidl_typesupport_fastrtps_c.cpython-310-aarch64-linux-gnu.so
[2.369s] -- Set runtime path of "/root/ros2_ws/install/robot_action_demo/local/lib/python3.10/dist-packages/robot_action_demo/robot_action_demo_s__rosidl_typesupport_fastrtps_c.cpython-310-aarch64-linux-gnu.so" to ""
[2.370s] -- Installing: /root/ros2_ws/install/robot_action_demo/local/lib/python3.10/dist-packages/robot_action_demo/robot_action_demo_s__rosidl_typesupport_introspection_c.cpython-310-aarch64-linux-gnu.so
[2.370s] -- Set runtime path of "/root/ros2_ws/install/robot_action_demo/local/lib/python3.10/dist-packages/robot_action_demo/robot_action_demo_s__rosidl_typesupport_introspection_c.cpython-310-aarch64-linux-gnu.so" to ""
[2.370s] -- Installing: /root/ros2_ws/install/robot_action_demo/local/lib/python3.10/dist-packages/robot_action_demo/robot_action_demo_s__rosidl_typesupport_c.cpython-310-aarch64-linux-gnu.so
[2.370s] -- Set runtime path of "/root/ros2_ws/install/robot_action_demo/local/lib/python3.10/dist-packages/robot_action_demo/robot_action_demo_s__rosidl_typesupport_c.cpython-310-aarch64-linux-gnu.so" to ""
[2.370s] -- Installing: /root/ros2_ws/install/robot_action_demo/lib/librobot_action_demo__rosidl_generator_py.so
[2.370s] -- Set runtime path of "/root/ros2_ws/install/robot_action_demo/lib/librobot_action_demo__rosidl_generator_py.so" to ""
[2.371s] -- Installing: /root/ros2_ws/install/robot_action_demo/share/robot_action_demo/action/MoveRobot.idl
[2.371s] -- Installing: /root/ros2_ws/install/robot_action_demo/share/robot_action_demo/action/MoveRobot.action
[2.371s] -- Installing: /root/ros2_ws/install/robot_action_demo/lib/robot_action_demo/move_robot_server
[2.371s] -- Installing: /root/ros2_ws/install/robot_action_demo/lib/robot_action_demo/move_robot_client
[2.371s] -- Installing: /root/ros2_ws/install/robot_action_demo/share/ament_index/resource_index/package_run_dependencies/robot_action_demo
[2.371s] -- Installing: /root/ros2_ws/install/robot_action_demo/share/ament_index/resource_index/parent_prefix_path/robot_action_demo
[2.371s] -- Installing: /root/ros2_ws/install/robot_action_demo/share/robot_action_demo/environment/ament_prefix_path.sh
[2.371s] -- Installing: /root/ros2_ws/install/robot_action_demo/share/robot_action_demo/environment/ament_prefix_path.dsv
[2.371s] -- Installing: /root/ros2_ws/install/robot_action_demo/share/robot_action_demo/environment/path.sh
[2.371s] -- Installing: /root/ros2_ws/install/robot_action_demo/share/robot_action_demo/environment/path.dsv
[2.371s] -- Installing: /root/ros2_ws/install/robot_action_demo/share/robot_action_demo/local_setup.bash
[2.371s] -- Installing: /root/ros2_ws/install/robot_action_demo/share/robot_action_demo/local_setup.sh
[2.372s] -- Installing: /root/ros2_ws/install/robot_action_demo/share/robot_action_demo/local_setup.zsh
[2.372s] -- Installing: /root/ros2_ws/install/robot_action_demo/share/robot_action_demo/local_setup.dsv
[2.372s] -- Installing: /root/ros2_ws/install/robot_action_demo/share/robot_action_demo/package.dsv
[2.372s] -- Installing: /root/ros2_ws/install/robot_action_demo/share/ament_index/resource_index/packages/robot_action_demo
[2.372s] -- Installing: /root/ros2_ws/install/robot_action_demo/share/robot_action_demo/cmake/export_robot_action_demo__rosidl_generator_cExport.cmake
[2.372s] -- Installing: /root/ros2_ws/install/robot_action_demo/share/robot_action_demo/cmake/export_robot_action_demo__rosidl_generator_cExport-noconfig.cmake
[2.372s] -- Installing: /root/ros2_ws/install/robot_action_demo/share/robot_action_demo/cmake/export_robot_action_demo__rosidl_typesupport_fastrtps_cExport.cmake
[2.372s] -- Installing: /root/ros2_ws/install/robot_action_demo/share/robot_action_demo/cmake/export_robot_action_demo__rosidl_typesupport_fastrtps_cExport-noconfig.cmake
[2.372s] -- Installing: /root/ros2_ws/install/robot_action_demo/share/robot_action_demo/cmake/robot_action_demo__rosidl_typesupport_introspection_cExport.cmake
[2.372s] -- Installing: /root/ros2_ws/install/robot_action_demo/share/robot_action_demo/cmake/robot_action_demo__rosidl_typesupport_introspection_cExport-noconfig.cmake
[2.372s] -- Installing: /root/ros2_ws/install/robot_action_demo/share/robot_action_demo/cmake/robot_action_demo__rosidl_typesupport_cExport.cmake
[2.372s] -- Installing: /root/ros2_ws/install/robot_action_demo/share/robot_action_demo/cmake/robot_action_demo__rosidl_typesupport_cExport-noconfig.cmake
[2.372s] -- Installing: /root/ros2_ws/install/robot_action_demo/share/robot_action_demo/cmake/export_robot_action_demo__rosidl_generator_cppExport.cmake
[2.373s] -- Installing: /root/ros2_ws/install/robot_action_demo/share/robot_action_demo/cmake/export_robot_action_demo__rosidl_typesupport_fastrtps_cppExport.cmake
[2.373s] -- Installing: /root/ros2_ws/install/robot_action_demo/share/robot_action_demo/cmake/export_robot_action_demo__rosidl_typesupport_fastrtps_cppExport-noconfig.cmake
[2.373s] -- Installing: /root/ros2_ws/install/robot_action_demo/share/robot_action_demo/cmake/robot_action_demo__rosidl_typesupport_introspection_cppExport.cmake
[2.373s] -- Installing: /root/ros2_ws/install/robot_action_demo/share/robot_action_demo/cmake/robot_action_demo__rosidl_typesupport_introspection_cppExport-noconfig.cmake
[2.373s] -- Installing: /root/ros2_ws/install/robot_action_demo/share/robot_action_demo/cmake/robot_action_demo__rosidl_typesupport_cppExport.cmake
[2.373s] -- Installing: /root/ros2_ws/install/robot_action_demo/share/robot_action_demo/cmake/robot_action_demo__rosidl_typesupport_cppExport-noconfig.cmake
[2.373s] -- Installing: /root/ros2_ws/install/robot_action_demo/share/robot_action_demo/cmake/export_robot_action_demo__rosidl_generator_pyExport.cmake
[2.373s] -- Installing: /root/ros2_ws/install/robot_action_demo/share/robot_action_demo/cmake/export_robot_action_demo__rosidl_generator_pyExport-noconfig.cmake
[2.373s] -- Installing: /root/ros2_ws/install/robot_action_demo/share/robot_action_demo/cmake/rosidl_cmake-extras.cmake
[2.373s] -- Installing: /root/ros2_ws/install/robot_action_demo/share/robot_action_demo/cmake/ament_cmake_export_dependencies-extras.cmake
[2.373s] -- Installing: /root/ros2_ws/install/robot_action_demo/share/robot_action_demo/cmake/ament_cmake_export_include_directories-extras.cmake
[2.373s] -- Installing: /root/ros2_ws/install/robot_action_demo/share/robot_action_demo/cmake/ament_cmake_export_libraries-extras.cmake
[2.373s] -- Installing: /root/ros2_ws/install/robot_action_demo/share/robot_action_demo/cmake/ament_cmake_export_targets-extras.cmake
[2.373s] -- Installing: /root/ros2_ws/install/robot_action_demo/share/robot_action_demo/cmake/rosidl_cmake_export_typesupport_targets-extras.cmake
[2.374s] -- Installing: /root/ros2_ws/install/robot_action_demo/share/robot_action_demo/cmake/rosidl_cmake_export_typesupport_libraries-extras.cmake
[2.374s] -- Installing: /root/ros2_ws/install/robot_action_demo/share/robot_action_demo/cmake/robot_action_demoConfig.cmake
[2.374s] -- Installing: /root/ros2_ws/install/robot_action_demo/share/robot_action_demo/cmake/robot_action_demoConfig-version.cmake
[2.374s] -- Installing: /root/ros2_ws/install/robot_action_demo/share/robot_action_demo/package.xml
[2.375s] Invoked command in '/root/ros2_ws/build/robot_action_demo' returned '0': /usr/bin/cmake --install /root/ros2_ws/build/robot_action_demo
